<?xml version="1.0" encoding="UTF-8"?>
<testsuite xmlns:xsi="http://www.w3.org/2001/XMLSchema-instance" xsi:noNamespaceSchemaLocation="https://maven.apache.org/surefire/maven-surefire-plugin/xsd/surefire-test-report-3.0.xsd" version="3.0" name="TestSuite" time="13.393" tests="1" errors="0" skipped="0" failures="0">
  <properties>
[...]
</properties>
  <testcase name="runScenario[&quot;Dynamic WebTable Practice 1&quot;, &quot;Handle Dynamic WebTable&quot;](1)" classname="runner.HandleDynamicWebTableRunner" time="10.358">
    <system-out><![CDATA[
@tag @tag1
Scenario: Dynamic WebTable Practice 1                        # src/test/resources/features/HandleDynamicWebTable.feature:23
  Given I am on Automation Practice WebPage                  # stepdefinitions.HandleDynamicWebTableStep.i_am_on_automation_practice_web_page()
I Value for Country India is 78
  When I click on "India"                                    # stepdefinitions.HandleDynamicWebTableStep.i_click_on(java.lang.String)
I Value for Country India is 78
Col count is 5
Key : Visited, Value : 
Key : Primary Language(s), Value : Hindi; English
Key : Capital(s), Value : New Delhi
Key : Currency, Value : Indian Rupee
Key : Country, Value : India
  Then I get capital,currency & primary Languages of "India" # stepdefinitions.HandleDynamicWebTableStep.i_get_capital_currency_primary_languages_of(java.lang.String)
]]></system-out>
    <system-err><![CDATA[SLF4J(W): No SLF4J providers were found.
SLF4J(W): Defaulting to no-operation (NOP) logger implementation
SLF4J(W): See https://www.slf4j.org/codes.html#noProviders for further details.
]]></system-err>
  </testcase>
</testsuite>