<?xml version="1.0" encoding="UTF-8"?>
<testng-results ignored="0" total="1" passed="1" failed="0" skipped="0">
  <reporter-output>
  </reporter-output>
  <suite started-at="2024-04-14T12:39:02 IST" name="Suite" finished-at="2024-04-14T12:39:19 IST" duration-ms="17803">
    <groups>
      <group name="cucumber">
        <method signature="AbstractTestNGCucumberTests.runScenario(io.cucumber.testng.PickleWrapper,io.cucumber.testng.FeatureWrapper)[pri:0, instance:runner.HandleDynamicWebTableRunner@689604d9]" name="runScenario" class="io.cucumber.testng.AbstractTestNGCucumberTests"/>
      </group> <!-- cucumber -->
    </groups>
    <test started-at="2024-04-14T12:39:02 IST" name="Test" finished-at="2024-04-14T12:39:19 IST" duration-ms="17803">
      <class name="runner.HandleDynamicWebTableRunner">
        <test-method is-config="true" signature="setUpClass(org.testng.ITestContext)[pri:0, instance:runner.HandleDynamicWebTableRunner@689604d9]" started-at="2024-04-14T12:39:02 IST" name="setUpClass" finished-at="2024-04-14T12:39:02 IST" duration-ms="460" status="PASS">
          <params>
            <param index="0">
              <value>
                <![CDATA[org.testng.TestRunner@4470f8a6]]>
              </value>
            </param>
          </params>
          <reporter-output>
          </reporter-output>
        </test-method> <!-- setUpClass -->
        <test-method signature="runScenario(io.cucumber.testng.PickleWrapper,io.cucumber.testng.FeatureWrapper)[pri:0, instance:runner.HandleDynamicWebTableRunner@689604d9]" started-at="2024-04-14T12:39:02 IST" name="runScenario" description="Runs Cucumber Scenarios" data-provider="scenarios" finished-at="2024-04-14T12:39:18 IST" duration-ms="15420" status="PASS">
          <params>
            <param index="0">
              <value>
                <![CDATA["Dynamic WebTable Practice 1"]]>
              </value>
            </param>
            <param index="1">
              <value>
                <![CDATA["Handle Dynamic WebTable"]]>
              </value>
            </param>
          </params>
          <reporter-output>
          </reporter-output>
        </test-method> <!-- runScenario -->
        <test-method is-config="true" signature="tearDownClass()[pri:0, instance:runner.HandleDynamicWebTableRunner@689604d9]" started-at="2024-04-14T12:39:18 IST" name="tearDownClass" finished-at="2024-04-14T12:39:19 IST" duration-ms="1877" status="PASS">
          <reporter-output>
          </reporter-output>
        </test-method> <!-- tearDownClass -->
      </class> <!-- runner.HandleDynamicWebTableRunner -->
    </test> <!-- Test -->
  </suite> <!-- Suite -->
</testng-results>
