<?xml version="1.0" encoding="UTF-8"?>
<testng-results ignored="0" total="1" passed="1" failed="0" skipped="0">
  <reporter-output>
  </reporter-output>
  <suite started-at="2024-04-13T18:59:43 IST" name="Default suite" finished-at="2024-04-13T18:59:50 IST" duration-ms="7619">
    <groups>
      <group name="cucumber">
        <method signature="AbstractTestNGCucumberTests.runScenario(io.cucumber.testng.PickleWrapper,io.cucumber.testng.FeatureWrapper)[pri:0, instance:runner.HandleDynamicWebTableRunner@3349e9bb]" name="runScenario" class="io.cucumber.testng.AbstractTestNGCucumberTests"/>
      </group> <!-- cucumber -->
    </groups>
    <test started-at="2024-04-13T18:59:43 IST" name="Default test" finished-at="2024-04-13T18:59:50 IST" duration-ms="7619">
      <class name="runner.HandleDynamicWebTableRunner">
        <test-method is-config="true" signature="setUpClass(org.testng.ITestContext)[pri:0, instance:runner.HandleDynamicWebTableRunner@3349e9bb]" started-at="2024-04-13T18:59:43 IST" name="setUpClass" finished-at="2024-04-13T18:59:43 IST" duration-ms="363" status="PASS">
          <params>
            <param index="0">
              <value>
                <![CDATA[org.testng.TestRunner@4e0cc334]]>
              </value>
            </param>
          </params>
          <reporter-output>
          </reporter-output>
        </test-method> <!-- setUpClass -->
        <test-method signature="runScenario(io.cucumber.testng.PickleWrapper,io.cucumber.testng.FeatureWrapper)[pri:0, instance:runner.HandleDynamicWebTableRunner@3349e9bb]" started-at="2024-04-13T18:59:43 IST" name="runScenario" description="Runs Cucumber Scenarios" data-provider="scenarios" finished-at="2024-04-13T18:59:50 IST" duration-ms="6912" status="PASS">
          <params>
            <param index="0">
              <value>
                <![CDATA["Dynamic WebTable Practice 1"]]>
              </value>
            </param>
            <param index="1">
              <value>
                <![CDATA["Handle Dynamic WebTable"]]>
              </value>
            </param>
          </params>
          <reporter-output>
          </reporter-output>
        </test-method> <!-- runScenario -->
        <test-method is-config="true" signature="tearDownClass()[pri:0, instance:runner.HandleDynamicWebTableRunner@3349e9bb]" started-at="2024-04-13T18:59:50 IST" name="tearDownClass" finished-at="2024-04-13T18:59:50 IST" duration-ms="323" status="PASS">
          <reporter-output>
          </reporter-output>
        </test-method> <!-- tearDownClass -->
      </class> <!-- runner.HandleDynamicWebTableRunner -->
    </test> <!-- Default test -->
  </suite> <!-- Default suite -->
</testng-results>
