<?xml version="1.0" encoding="UTF-8"?>
<!-- Generated by org.testng.reporters.JUnitReportReporter -->
<testsuite hostname="Suraj_Mishra" failures="0" tests="1" name="runner.HandleDynamicWebTableRunner2" time="6.500" errors="1" timestamp="2024-04-14T12:38:09 IST" skipped="0">
  <testcase classname="runner.HandleDynamicWebTableRunner2" name="runScenario" time="6.500">
    <error message="Index 0 out of bounds for length 0" type="java.lang.IndexOutOfBoundsException">
      <![CDATA[java.lang.IndexOutOfBoundsException: Index 0 out of bounds for length 0
at java.base/jdk.internal.util.Preconditions.outOfBounds(Preconditions.java:64)
at java.base/jdk.internal.util.Preconditions.outOfBoundsCheckIndex(Preconditions.java:70)
at java.base/jdk.internal.util.Preconditions.checkIndex(Preconditions.java:266)
at java.base/java.util.Objects.checkIndex(Objects.java:359)
at java.base/java.util.ArrayList.get(ArrayList.java:427)
at pageobjects.AutomationPracticePage.clickOnCountry(AutomationPracticePage.java:67)
at stepdefinitions.HandleDynamicWebTableStep.i_click_on(HandleDynamicWebTableStep.java:25)
at ✽.I click on "India"(file:///C:/Users/mishr/eclipse-workspace/PracticeFrameworkSelenium4/src/test/resources/features/HandleDynamicWebTable.feature:25)
]]>
    </error>
  </testcase> <!-- runScenario -->
</testsuite> <!-- runner.HandleDynamicWebTableRunner2 -->
